<?xml version="1.0" encoding="UTF-8"?>
<testsuite name="org.gradle.tests18.Test18_7" tests="1" skipped="0" failures="0" errors="0" timestamp="2020-01-16T19:06:09" hostname="ASSIGNREALTINY.workdayinternal.com" time="0.005">
  <properties/>
  <testcase name="myTest" classname="org.gradle.tests18.Test18_7" time="0.005"/>
  <system-out><![CDATA[]]></system-out>
  <system-err><![CDATA[]]></system-err>
</testsuite>
