<?xml version="1.0" encoding="UTF-8"?>
<testsuite name="org.gradle.tests13.Test13_0" tests="1" skipped="0" failures="0" errors="0" timestamp="2020-01-16T19:06:10" hostname="ASSIGNREALTINY.workdayinternal.com" time="0.154">
  <properties/>
  <testcase name="myTest" classname="org.gradle.tests13.Test13_0" time="0.154"/>
  <system-out><![CDATA[]]></system-out>
  <system-err><![CDATA[]]></system-err>
</testsuite>
